Build started 20-04-2016 21:41:24.
     1>Project "C:\Users\Sandeep\Desktop\Programs\Binary Files\Binary Files.vcxproj" on node 2 (build target(s)).
     1>InitializeBuildStatus:
         Creating "Debug\Binary Files.unsuccessfulbuild" because "AlwaysCreate" was specified.
       ClCompile:
         All outputs are up-to-date.
       ManifestResourceCompile:
         All outputs are up-to-date.
       Link:
         C:\Program Files (x86)\Microsoft Visual Studio 10.0\VC\bin\link.exe /ERRORREPORT:PROMPT /OUT:"C:\Users\Sandeep\Desktop\Programs\Binary Files\Debug\Binary Files.exe" /INCREMENTAL /NOLOGO kernel32.lib user32.lib gdi32.lib winspool.lib comdlg32.lib advapi32.lib shell32.lib ole32.lib oleaut32.lib uuid.lib odbc32.lib odbccp32.lib /MANIFEST /ManifestFile:"Debug\Binary Files.exe.intermediate.manifest" /MANIFESTUAC:"level='asInvoker' uiAccess='false'" /DEBUG /PDB:"C:\Users\Sandeep\Desktop\Programs\Binary Files\Debug\Binary Files.pdb" /SUBSYSTEM:CONSOLE /TLBID:1 /DYNAMICBASE /NXCOMPAT /IMPLIB:"C:\Users\Sandeep\Desktop\Programs\Binary Files\Debug\Binary Files.lib" /MACHINE:X86 "Debug\Binary Files.exe.embed.manifest.res"
         Debug\search.obj
       Manifest:
         C:\Program Files (x86)\Microsoft SDKs\Windows\v7.0A\bin\mt.exe /nologo /verbose /out:"Debug\Binary Files.exe.embed.manifest" /manifest "Debug\Binary Files.exe.intermediate.manifest"
         All outputs are up-to-date.
       LinkEmbedManifest:
         All outputs are up-to-date.
         Binary Files.vcxproj -> C:\Users\Sandeep\Desktop\Programs\Binary Files\Debug\Binary Files.exe
       FinalizeBuildStatus:
         Deleting file "Debug\Binary Files.unsuccessfulbuild".
         Touching "Debug\Binary Files.lastbuildstate".
     1>Done Building Project "C:\Users\Sandeep\Desktop\Programs\Binary Files\Binary Files.vcxproj" (build target(s)).

Build succeeded.

Time Elapsed 00:00:01.52
