Build started 23-03-2016 17:32:07.
     1>Project "c:\Users\Sandeep\documents\visual studio 2010\Projects\mrigank cpp\mrigank cpp\mrigank cpp.vcxproj" on node 2 (build target(s)).
     1>InitializeBuildStatus:
         Creating "Debug\mrigank cpp.unsuccessfulbuild" because "AlwaysCreate" was specified.
       ClCompile:
         C:\Program Files (x86)\Microsoft Visual Studio 10.0\VC\bin\CL.exe /c /ZI /nologo /W3 /WX- /Od /Oy- /D WIN32 /D _DEBUG /D _CONSOLE /D _UNICODE /D UNICODE /Gm /EHsc /RTC1 /MDd /GS /fp:precise /Zc:wchar_t /Zc:forScope /Fo"Debug\\" /Fd"Debug\vc100.pdb" /Gd /TP /analyze- /errorReport:prompt file1.cpp
         file1.cpp
       ManifestResourceCompile:
         All outputs are up-to-date.
       Link:
         C:\Program Files (x86)\Microsoft Visual Studio 10.0\VC\bin\link.exe /ERRORREPORT:PROMPT /OUT:"c:\users\sandeep\documents\visual studio 2010\Projects\mrigank cpp\Debug\mrigank cpp.exe" /INCREMENTAL /NOLOGO kernel32.lib user32.lib gdi32.lib winspool.lib comdlg32.lib advapi32.lib shell32.lib ole32.lib oleaut32.lib uuid.lib odbc32.lib odbccp32.lib /MANIFEST /ManifestFile:"Debug\mrigank cpp.exe.intermediate.manifest" /MANIFESTUAC:"level='asInvoker' uiAccess='false'" /DEBUG /PDB:"c:\users\sandeep\documents\visual studio 2010\Projects\mrigank cpp\Debug\mrigank cpp.pdb" /SUBSYSTEM:CONSOLE /TLBID:1 /DYNAMICBASE /NXCOMPAT /IMPLIB:"c:\users\sandeep\documents\visual studio 2010\Projects\mrigank cpp\Debug\mrigank cpp.lib" /MACHINE:X86 "Debug\mrigank cpp.exe.embed.manifest.res"
         Debug\file1.obj
       Manifest:
         C:\Program Files (x86)\Microsoft SDKs\Windows\v7.0A\bin\mt.exe /nologo /verbose /out:"Debug\mrigank cpp.exe.embed.manifest" /manifest "Debug\mrigank cpp.exe.intermediate.manifest"
         All outputs are up-to-date.
       LinkEmbedManifest:
         All outputs are up-to-date.
         mrigank cpp.vcxproj -> c:\users\sandeep\documents\visual studio 2010\Projects\mrigank cpp\Debug\mrigank cpp.exe
       FinalizeBuildStatus:
         Deleting file "Debug\mrigank cpp.unsuccessfulbuild".
         Touching "Debug\mrigank cpp.lastbuildstate".
     1>Done Building Project "c:\Users\Sandeep\documents\visual studio 2010\Projects\mrigank cpp\mrigank cpp\mrigank cpp.vcxproj" (build target(s)).

Build succeeded.

Time Elapsed 00:00:02.82
